# JRE version: Java(TM) SE Runtime Environment (8.0_25-b17) (build 1.8.0_25-b17)
# Java VM: Java HotSpot(TM) 64-Bit Server VM (25.25-b02 mixed mode linux-amd64 compressed oops)
Heap:
 par new generation   total 39296K, used 39296K [0x00000000d1200000, 0x00000000d3ca0000, 0x00000000db860000)
  eden space 34944K, 100% used [0x00000000d1200000, 0x00000000d3420000, 0x00000000d3420000)
  from space 4352K, 100% used [0x00000000d3420000, 0x00000000d3860000, 0x00000000d3860000)
  to   space 4352K,   0% used [0x00000000d3860000, 0x00000000d3860000, 0x00000000d3ca0000)
 concurrent mark-sweep generation total 271792K, used 226040K [0x00000000db860000, 0x00000000ec1cc000, 0x0000000100000000)
 Metaspace       used 118873K, capacity 120856K, committed 122484K, reserved 1155072K
  class space    used 16988K, capacity 17604K, committed 17956K, reserved 1048576K
GC Heap History (10 events):
Event: 198.919 GC heap before
{Heap before GC invocations=85 (full 10):
 par new generation   total 39296K, used 39296K [0x00000000d1200000, 0x00000000d3ca0000, 0x00000000db860000)
  eden space 34944K, 100% used [0x00000000d1200000, 0x00000000d3420000, 0x00000000d3420000)
  from space 4352K, 100% used [0x00000000d3860000, 0x00000000d3ca0000, 0x00000000d3ca0000)
  to   space 4352K,   0% used [0x00000000d3420000, 0x00000000d3420000, 0x00000000d3860000)
 concurrent mark-sweep generation total 271792K, used 209521K [0x00000000db860000, 0x00000000ec1cc000, 0x0000000100000000)
 Metaspace       used 118870K, capacity 120856K, committed 122484K, reserved 1155072K
  class space    used 16988K, capacity 17604K, committed 17956K, reserved 1048576K
Event: 198.964 GC heap after
Heap after GC invocations=86 (full 10):
 par new generation   total 39296K, used 4352K [0x00000000d1200000, 0x00000000d3ca0000, 0x00000000db860000)
  eden space 34944K,   0% used [0x00000000d1200000, 0x00000000d1200000, 0x00000000d3420000)
  from space 4352K, 100% used [0x00000000d3420000, 0x00000000d3860000, 0x00000000d3860000)
  to   space 4352K,   0% used [0x00000000d3860000, 0x00000000d3860000, 0x00000000d3ca0000)
 concurrent mark-sweep generation total 271792K, used 213358K [0x00000000db860000, 0x00000000ec1cc000, 0x0000000100000000)
 Metaspace       used 118870K, capacity 120856K, committed 122484K, reserved 1155072K
  class space    used 16988K, capacity 17604K, committed 17956K, reserved 1048576K
}
Event: 199.162 GC heap before
{Heap before GC invocations=86 (full 10):
 par new generation   total 39296K, used 39296K [0x00000000d1200000, 0x00000000d3ca0000, 0x00000000db860000)
  eden space 34944K, 100% used [0x00000000d1200000, 0x00000000d3420000, 0x00000000d3420000)
  from space 4352K, 100% used [0x00000000d3420000, 0x00000000d3860000, 0x00000000d3860000)
  to   space 4352K,   0% used [0x00000000d3860000, 0x00000000d3860000, 0x00000000d3ca0000)
 concurrent mark-sweep generation total 271792K, used 213358K [0x00000000db860000, 0x00000000ec1cc000, 0x0000000100000000)
 Metaspace       used 118870K, capacity 120856K, committed 122484K, reserved 1155072K
  class space    used 16988K, capacity 17604K, committed 17956K, reserved 1048576K
Event: 199.210 GC heap after
Heap after GC invocations=87 (full 10):
 par new generation   total 39296K, used 4352K [0x00000000d1200000, 0x00000000d3ca0000, 0x00000000db860000)
  eden space 34944K,   0% used [0x00000000d1200000, 0x00000000d1200000, 0x00000000d3420000)
  from space 4352K, 100% used [0x00000000d3860000, 0x00000000d3ca0000, 0x00000000d3ca0000)
  to   space 4352K,   0% used [0x00000000d3420000, 0x00000000d3420000, 0x00000000d3860000)
 concurrent mark-sweep generation total 271792K, used 219076K [0x00000000db860000, 0x00000000ec1cc000, 0x0000000100000000)
 Metaspace       used 118870K, capacity 120856K, committed 122484K, reserved 1155072K
  class space    used 16988K, capacity 17604K, committed 17956K, reserved 1048576K
}
Event: 199.453 GC heap before
{Heap before GC invocations=87 (full 10):
 par new generation   total 39296K, used 39296K [0x00000000d1200000, 0x00000000d3ca0000, 0x00000000db860000)
  eden space 34944K, 100% used [0x00000000d1200000, 0x00000000d3420000, 0x00000000d3420000)
  from space 4352K, 100% used [0x00000000d3860000, 0x00000000d3ca0000, 0x00000000d3ca0000)
  to   space 4352K,   0% used [0x00000000d3420000, 0x00000000d3420000, 0x00000000d3860000)
 concurrent mark-sweep generation total 271792K, used 219076K [0x00000000db860000, 0x00000000ec1cc000, 0x0000000100000000)
 Metaspace       used 118872K, capacity 120856K, committed 122484K, reserved 1155072K
  class space    used 16988K, capacity 17604K, committed 17956K, reserved 1048576K
Event: 199.502 GC heap after
Heap after GC invocations=88 (full 10):
 par new generation   total 39296K, used 4352K [0x00000000d1200000, 0x00000000d3ca0000, 0x00000000db860000)
  eden space 34944K,   0% used [0x00000000d1200000, 0x00000000d1200000, 0x00000000d3420000)
  from space 4352K, 100% used [0x00000000d3420000, 0x00000000d3860000, 0x00000000d3860000)
  to   space 4352K,   0% used [0x00000000d3860000, 0x00000000d3860000, 0x00000000d3ca0000)
 concurrent mark-sweep generation total 271792K, used 224611K [0x00000000db860000, 0x00000000ec1cc000, 0x0000000100000000)
 Metaspace       used 118872K, capacity 120856K, committed 122484K, reserved 1155072K
  class space    used 16988K, capacity 17604K, committed 17956K, reserved 1048576K
}
Event: 199.816 GC heap before
{Heap before GC invocations=88 (full 10):
 par new generation   total 39296K, used 39296K [0x00000000d1200000, 0x00000000d3ca0000, 0x00000000db860000)
  eden space 34944K, 100% used [0x00000000d1200000, 0x00000000d3420000, 0x00000000d3420000)
  from space 4352K, 100% used [0x00000000d3420000, 0x00000000d3860000, 0x00000000d3860000)
  to   space 4352K,   0% used [0x00000000d3860000, 0x00000000d3860000, 0x00000000d3ca0000)
 concurrent mark-sweep generation total 271792K, used 224611K [0x00000000db860000, 0x00000000ec1cc000, 0x0000000100000000)
 Metaspace       used 118872K, capacity 120856K, committed 122484K, reserved 1155072K
  class space    used 16988K, capacity 17604K, committed 17956K, reserved 1048576K
Event: 199.896 GC heap after
Heap after GC invocations=89 (full 10):
 par new generation   total 39296K, used 4352K [0x00000000d1200000, 0x00000000d3ca0000, 0x00000000db860000)
  eden space 34944K,   0% used [0x00000000d1200000, 0x00000000d1200000, 0x00000000d3420000)
  from space 4352K, 100% used [0x00000000d3860000, 0x00000000d3ca0000, 0x00000000d3ca0000)
  to   space 4352K,   0% used [0x00000000d3420000, 0x00000000d3420000, 0x00000000d3860000)
 concurrent mark-sweep generation total 271792K, used 231816K [0x00000000db860000, 0x00000000ec1cc000, 0x0000000100000000)
 Metaspace       used 118872K, capacity 120856K, committed 122484K, reserved 1155072K
  class space    used 16988K, capacity 17604K, committed 17956K, reserved 1048576K
}
Event: 200.189 GC heap before
{Heap before GC invocations=89 (full 10):
 par new generation   total 39296K, used 39215K [0x00000000d1200000, 0x00000000d3ca0000, 0x00000000db860000)
  eden space 34944K,  99% used [0x00000000d1200000, 0x00000000d340bd00, 0x00000000d3420000)
  from space 4352K, 100% used [0x00000000d3860000, 0x00000000d3ca0000, 0x00000000d3ca0000)
  to   space 4352K,   0% used [0x00000000d3420000, 0x00000000d3420000, 0x00000000d3860000)
 concurrent mark-sweep generation total 271792K, used 231816K [0x00000000db860000, 0x00000000ec1cc000, 0x0000000100000000)
 Metaspace       used 118873K, capacity 120856K, committed 122484K, reserved 1155072K
  class space    used 16988K, capacity 17604K, committed 17956K, reserved 1048576K
Event: 200.224 GC heap after
Heap after GC invocations=90 (full 10):
 par new generation   total 39296K, used 4352K [0x00000000d1200000, 0x00000000d3ca0000, 0x00000000db860000)
  eden space 34944K,   0% used [0x00000000d1200000, 0x00000000d1200000, 0x00000000d3420000)
  from space 4352K, 100% used [0x00000000d3420000, 0x00000000d3860000, 0x00000000d3860000)
  to   space 4352K,   0% used [0x00000000d3860000, 0x00000000d3860000, 0x00000000d3ca0000)
 concurrent mark-sweep generation total 271792K, used 237425K [0x00000000db860000, 0x00000000ec1cc000, 0x0000000100000000)
 Metaspace       used 118873K, capacity 120856K, committed 122484K, reserved 1155072K
  class space    used 16988K, capacity 17604K, committed 17956K, reserved 1048576K
}

